<?xml version="1.0"?><coverage lines-covered="1611" lines-valid="2066" line-rate="0.7797676669893514" branches-covered="0" branches-valid="0" branch-rate="0" complexity="0" version="1.9" timestamp="1768630493"><sources><source>/Users/mason/Projects/perp/learn/aptos-core/aptosbft</source></sources><packages><package name="consensus-core/src/network" line-rate="0.7684210526315789" branch-rate="0" complexity="0"><classes><class name="mod" filename="consensus-core/src/network/mod.rs" line-rate="0.7684210526315789" branch-rate="0" complexity="0"><methods/><lines><line number="77" hits="9"/><line number="78" hits="9"/><line number="79" hits="0"/><line number="80" hits="6"/><line number="82" hits="0"/><line number="83" hits="3"/><line number="85" hits="2"/><line number="86" hits="6"/><line number="88" hits="1"/><line number="89" hits="3"/><line number="91" hits="2"/><line number="92" hits="10"/><line number="94" hits="1"/><line number="95" hits="3"/><line number="128" hits="7"/><line number="129" hits="7"/><line number="133" hits="2"/><line number="135" hits="2"/><line number="140" hits="2"/><line number="142" hits="2"/><line number="147" hits="6"/><line number="149" hits="6"/><line number="154" hits="16"/><line number="155" hits="25"/><line number="176" hits="10"/><line number="178" hits="10"/><line number="203" hits="9"/><line number="205" hits="9"/><line number="233" hits="10"/><line number="234" hits="10"/><line number="238" hits="7"/><line number="239" hits="7"/><line number="240" hits="7"/><line number="244" hits="2"/><line number="245" hits="2"/><line number="246" hits="2"/><line number="250" hits="2"/><line number="251" hits="2"/><line number="252" hits="2"/><line number="256" hits="6"/><line number="257" hits="6"/><line number="258" hits="6"/><line number="288" hits="7"/><line number="290" hits="14"/><line number="297" hits="1"/><line number="298" hits="1"/><line number="303" hits="0"/><line number="304" hits="0"/><line number="313" hits="9"/><line number="315" hits="25"/><line number="316" hits="0"/><line number="317" hits="0"/><line number="321" hits="18"/><line number="322" hits="0"/><line number="324" hits="6"/><line number="325" hits="3"/><line number="327" hits="0"/><line number="329" hits="2"/><line number="330" hits="1"/><line number="332" hits="0"/><line number="334" hits="4"/><line number="335" hits="2"/><line number="337" hits="0"/><line number="339" hits="2"/><line number="340" hits="1"/><line number="342" hits="0"/><line number="344" hits="2"/><line number="345" hits="1"/><line number="347" hits="0"/><line number="349" hits="2"/><line number="350" hits="1"/><line number="354" hits="9"/><line number="357" hits="4"/><line number="358" hits="8"/><line number="388" hits="2"/><line number="390" hits="4"/><line number="397" hits="0"/><line number="402" hits="0"/><line number="406" hits="0"/><line number="410" hits="0"/><line number="414" hits="1"/><line number="418" hits="4"/><line number="420" hits="2"/><line number="424" hits="0"/><line number="425" hits="1"/><line number="427" hits="0"/><line number="430" hits="1"/><line number="434" hits="2"/><line number="435" hits="2"/><line number="436" hits="2"/><line number="437" hits="0"/><line number="438" hits="2"/><line number="439" hits="0"/><line number="440" hits="0"/><line number="441" hits="0"/></lines></class></classes></package><package name="consensus-core/src/timeout" line-rate="0.74" branch-rate="0" complexity="0"><classes><class name="two_chain" filename="consensus-core/src/timeout/two_chain.rs" line-rate="0.74" branch-rate="0" complexity="0"><methods/><lines><line number="46" hits="2"/><line number="57" hits="34"/><line number="66" hits="3"/><line number="67" hits="3"/><line number="71" hits="4"/><line number="72" hits="4"/><line number="76" hits="3"/><line number="77" hits="3"/><line number="83" hits="11"/><line number="84" hits="11"/><line number="85" hits="14"/><line number="86" hits="7"/><line number="87" hits="7"/><line number="90" hits="4"/><line number="146" hits="21"/><line number="165" hits="2"/><line number="166" hits="2"/><line number="170" hits="2"/><line number="171" hits="2"/><line number="175" hits="0"/><line number="176" hits="0"/><line number="180" hits="2"/><line number="181" hits="2"/><line number="185" hits="2"/><line number="186" hits="2"/><line number="193" hits="5"/><line number="195" hits="7"/><line number="198" hits="3"/><line number="199" hits="0"/><line number="200" hits="0"/><line number="201" hits="0"/><line number="205" hits="3"/><line number="206" hits="4"/><line number="207" hits="2"/><line number="208" hits="2"/><line number="212" hits="1"/><line number="219" hits="6"/><line number="220" hits="10"/><line number="226" hits="4"/><line number="227" hits="12"/><line number="237" hits="0"/><line number="238" hits="0"/><line number="241" hits="0"/><line number="242" hits="0"/><line number="245" hits="2"/><line number="246" hits="2"/><line number="249" hits="0"/><line number="250" hits="0"/><line number="253" hits="0"/><line number="254" hits="0"/></lines></class></classes></package><package name="consensus-core/src/pipeline" line-rate="0.7777777777777778" branch-rate="0" complexity="0"><classes><class name="mod" filename="consensus-core/src/pipeline/mod.rs" line-rate="0.7777777777777778" branch-rate="0" complexity="0"><methods/><lines><line number="35" hits="32"/><line number="36" hits="32"/><line number="37" hits="8"/><line number="38" hits="8"/><line number="39" hits="8"/><line number="40" hits="8"/><line number="45" hits="9"/><line number="46" hits="9"/><line number="47" hits="2"/><line number="48" hits="3"/><line number="49" hits="2"/><line number="50" hits="2"/><line number="56" hits="5"/><line number="57" hits="25"/><line number="78" hits="82"/><line number="90" hits="1"/><line number="91" hits="2"/><line number="116" hits="23"/><line number="117" hits="23"/><line number="121" hits="2"/><line number="123" hits="2"/><line number="128" hits="2"/><line number="130" hits="2"/><line number="135" hits="6"/><line number="136" hits="10"/><line number="184" hits="59"/><line number="188" hits="59"/><line number="194" hits="6"/><line number="195" hits="6"/><line number="199" hits="8"/><line number="200" hits="8"/><line number="204" hits="9"/><line number="205" hits="9"/><line number="209" hits="2"/><line number="210" hits="2"/><line number="217" hits="5"/><line number="218" hits="10"/><line number="220" hits="0"/><line number="222" hits="20"/><line number="223" hits="20"/><line number="226" hits="100"/><line number="228" hits="20"/><line number="229" hits="0"/><line number="231" hits="50"/><line number="232" hits="15"/><line number="235" hits="5"/><line number="238" hits="0"/><line number="239" hits="0"/><line number="240" hits="0"/><line number="241" hits="0"/><line number="242" hits="0"/><line number="245" hits="0"/><line number="246" hits="0"/><line number="247" hits="0"/><line number="248" hits="0"/><line number="249" hits="0"/><line number="255" hits="5"/><line number="261" hits="1"/><line number="265" hits="1"/><line number="266" hits="1"/><line number="269" hits="4"/><line number="271" hits="1"/><line number="272" hits="1"/><line number="273" hits="0"/><line number="274" hits="0"/><line number="275" hits="0"/><line number="277" hits="0"/><line number="278" hits="0"/><line number="279" hits="0"/><line number="285" hits="20"/><line number="286" hits="20"/><line number="287" hits="0"/><line number="290" hits="5"/><line number="292" hits="0"/><line number="295" hits="5"/><line number="297" hits="0"/><line number="300" hits="5"/><line number="302" hits="0"/><line number="305" hits="5"/><line number="311" hits="1"/><line number="314" hits="1"/><line number="323" hits="1"/><line number="326" hits="1"/><line number="355" hits="9"/><line number="356" hits="11"/><line number="360" hits="3"/><line number="361" hits="3"/><line number="362" hits="1"/><line number="363" hits="2"/><line number="364" hits="2"/><line number="375" hits="0"/><line number="376" hits="0"/><line number="382" hits="3"/><line number="384" hits="3"/><line number="389" hits="2"/><line number="390" hits="2"/><line number="391" hits="2"/><line number="395" hits="2"/><line number="396" hits="2"/><line number="397" hits="2"/><line number="401" hits="2"/><line number="402" hits="2"/><line number="403" hits="2"/><line number="407" hits="2"/><line number="408" hits="2"/><line number="409" hits="2"/><line number="413" hits="3"/><line number="418" hits="6"/></lines></class></classes></package><package name="consensus-core/src/round_manager" line-rate="0.8666666666666667" branch-rate="0" complexity="0"><classes><class name="mod" filename="consensus-core/src/round_manager/mod.rs" line-rate="0.8666666666666667" branch-rate="0" complexity="0"><methods/><lines><line number="45" hits="79"/><line number="108" hits="59"/><line number="112" hits="59"/><line number="116" hits="177"/><line number="117" hits="177"/><line number="124" hits="2"/><line number="125" hits="4"/><line number="129" hits="43"/><line number="130" hits="86"/><line number="134" hits="0"/><line number="135" hits="0"/><line number="139" hits="0"/><line number="140" hits="0"/><line number="144" hits="0"/><line number="145" hits="0"/><line number="149" hits="3"/><line number="150" hits="3"/><line number="178" hits="2"/><line number="184" hits="6"/><line number="187" hits="4"/><line number="188" hits="6"/><line number="189" hits="4"/><line number="190" hits="2"/><line number="191" hits="2"/><line number="196" hits="0"/><line number="199" hits="0"/><line number="201" hits="0"/><line number="208" hits="5"/><line number="216" hits="15"/><line number="219" hits="10"/><line number="220" hits="4"/><line number="221" hits="1"/><line number="224" hits="1"/><line number="228" hits="3"/><line number="231" hits="9"/><line number="233" hits="3"/><line number="247" hits="16"/><line number="256" hits="32"/><line number="259" hits="48"/><line number="260" hits="0"/><line number="268" hits="96"/><line number="271" hits="16"/><line number="272" hits="20"/><line number="275" hits="16"/><line number="290" hits="4"/><line number="303" hits="20"/><line number="306" hits="8"/><line number="307" hits="20"/><line number="308" hits="24"/><line number="309" hits="48"/><line number="310" hits="60"/><line number="315" hits="12"/><line number="318" hits="16"/><line number="321" hits="24"/><line number="325" hits="4"/><line number="326" hits="4"/><line number="330" hits="12"/><line number="333" hits="12"/><line number="336" hits="12"/><line number="338" hits="4"/><line number="344" hits="3"/><line number="348" hits="15"/><line number="361" hits="4"/><line number="362" hits="12"/><line number="367" hits="12"/><line number="371" hits="20"/><line number="372" hits="4"/><line number="375" hits="12"/><line number="378" hits="8"/><line number="379" hits="16"/><line number="386" hits="4"/><line number="392" hits="6"/><line number="393" hits="18"/><line number="394" hits="18"/><line number="401" hits="6"/></lines></class></classes></package><package name="consensus-core/src/votes" line-rate="0.9830508474576272" branch-rate="0" complexity="0"><classes><class name="pending_votes" filename="consensus-core/src/votes/pending_votes.rs" line-rate="0.9830508474576272" branch-rate="0" complexity="0"><methods/><lines><line number="59" hits="69"/><line number="61" hits="69"/><line number="68" hits="12"/><line number="69" hits="12"/><line number="70" hits="24"/><line number="76" hits="41"/><line number="84" hits="82"/><line number="85" hits="82"/><line number="88" hits="41"/><line number="89" hits="2"/><line number="94" hits="78"/><line number="97" hits="96"/><line number="98" hits="36"/><line number="99" hits="54"/><line number="100" hits="1"/><line number="105" hits="76"/><line number="106" hits="76"/><line number="107" hits="38"/><line number="108" hits="190"/><line number="111" hits="152"/><line number="112" hits="8"/><line number="115" hits="30"/><line number="119" hits="4"/><line number="124" hits="4"/><line number="125" hits="8"/><line number="126" hits="16"/><line number="131" hits="7"/><line number="132" hits="7"/><line number="133" hits="14"/><line number="134" hits="11"/><line number="139" hits="4"/><line number="140" hits="16"/><line number="144" hits="38"/><line number="152" hits="114"/><line number="154" hits="76"/><line number="156" hits="202"/><line number="157" hits="126"/><line number="160" hits="252"/><line number="161" hits="315"/><line number="166" hits="114"/><line number="168" hits="0"/><line number="173" hits="12"/><line number="174" hits="48"/><line number="175" hits="42"/><line number="179" hits="3"/><line number="180" hits="32"/><line number="194" hits="4"/><line number="203" hits="8"/><line number="205" hits="4"/><line number="206" hits="8"/><line number="207" hits="7"/><line number="208" hits="3"/><line number="209" hits="3"/><line number="210" hits="27"/><line number="211" hits="11"/><line number="212" hits="3"/><line number="231" hits="2"/><line number="240" hits="12"/><line number="241" hits="4"/></lines></class></classes></package><package name="consensus-core/src/testing" line-rate="0.7403314917127072" branch-rate="0" complexity="0"><classes><class name="mock_block" filename="consensus-core/src/testing/mock_block.rs" line-rate="0.8867924528301887" branch-rate="0" complexity="0"><methods/><lines><line number="33" hits="145"/><line number="44" hits="34"/><line number="48" hits="34"/><line number="49" hits="34"/><line number="60" hits="6"/><line number="61" hits="6"/><line number="64" hits="165"/><line number="65" hits="165"/><line number="68" hits="3"/><line number="69" hits="3"/><line number="72" hits="3"/><line number="73" hits="3"/><line number="76" hits="3"/><line number="77" hits="3"/><line number="93" hits="3"/><line number="95" hits="3"/><line number="101" hits="65"/><line number="107" hits="1"/><line number="108" hits="2"/><line number="116" hits="42"/><line number="117" hits="42"/><line number="120" hits="3"/><line number="121" hits="3"/><line number="124" hits="1"/><line number="125" hits="1"/><line number="128" hits="0"/><line number="136" hits="0"/><line number="157" hits="79"/><line number="165" hits="28"/><line number="167" hits="28"/><line number="168" hits="28"/><line number="179" hits="44"/><line number="181" hits="44"/><line number="184" hits="12"/><line number="185" hits="12"/><line number="188" hits="2"/><line number="189" hits="2"/><line number="192" hits="122"/><line number="193" hits="122"/><line number="196" hits="1"/><line number="197" hits="1"/><line number="200" hits="1"/><line number="201" hits="1"/><line number="204" hits="1"/><line number="205" hits="2"/><line number="208" hits="0"/><line number="209" hits="0"/><line number="212" hits="0"/><line number="213" hits="0"/><line number="224" hits="1"/><line number="225" hits="1"/><line number="228" hits="1"/><line number="229" hits="1"/></lines></class><class name="mock_types" filename="consensus-core/src/testing/mock_types.rs" line-rate="0.5666666666666667" branch-rate="0" complexity="0"><methods/><lines><line number="16" hits="2"/><line number="17" hits="2"/><line number="20" hits="2"/><line number="21" hits="4"/><line number="22" hits="2"/><line number="24" hits="1"/><line number="27" hits="0"/><line number="28" hits="0"/><line number="33" hits="0"/><line number="34" hits="0"/><line number="35" hits="0"/><line number="37" hits="0"/><line number="40" hits="0"/><line number="41" hits="0"/><line number="51" hits="3"/><line number="52" hits="3"/><line number="65" hits="2"/><line number="66" hits="2"/><line number="69" hits="2"/><line number="70" hits="4"/><line number="73" hits="2"/><line number="74" hits="4"/><line number="75" hits="0"/><line number="77" hits="2"/><line number="80" hits="2"/><line number="81" hits="2"/><line number="94" hits="0"/><line number="95" hits="0"/><line number="98" hits="0"/><line number="99" hits="0"/></lines></class><class name="mock_validator" filename="consensus-core/src/testing/mock_validator.rs" line-rate="0.7692307692307693" branch-rate="0" complexity="0"><methods/><lines><line number="33" hits="477"/><line number="35" hits="954"/><line number="42" hits="477"/><line number="43" hits="477"/><line number="47" hits="0"/><line number="48" hits="0"/><line number="52" hits="502"/><line number="53" hits="502"/><line number="79" hits="60"/><line number="80" hits="120"/><line number="81" hits="120"/><line number="83" hits="1488"/><line number="84" hits="1904"/><line number="85" hits="952"/><line number="86" hits="1428"/><line number="90" hits="120"/><line number="100" hits="4"/><line number="101" hits="8"/><line number="105" hits="0"/><line number="106" hits="0"/><line number="110" hits="10"/><line number="111" hits="10"/><line number="115" hits="45"/><line number="116" hits="45"/><line number="120" hits="3"/><line number="121" hits="9"/><line number="125" hits="1"/><line number="126" hits="2"/><line number="131" hits="2"/><line number="134" hits="6"/><line number="135" hits="1"/><line number="137" hits="1"/><line number="141" hits="0"/><line number="143" hits="0"/><line number="146" hits="25"/><line number="147" hits="150"/><line number="150" hits="0"/><line number="151" hits="0"/><line number="154" hits="0"/><line number="155" hits="0"/><line number="158" hits="13"/><line number="163" hits="26"/><line number="164" hits="63"/><line number="165" hits="100"/><line number="166" hits="25"/><line number="170" hits="25"/><line number="171" hits="8"/><line number="172" hits="8"/><line number="173" hits="8"/><line number="177" hits="5"/><line number="180" hits="0"/><line number="184" hits="0"/></lines></class><class name="mock_vote" filename="consensus-core/src/testing/mock_vote.rs" line-rate="0.6190476190476191" branch-rate="0" complexity="0"><methods/><lines><line number="40" hits="16"/><line number="45" hits="32"/><line number="62" hits="1"/><line number="67" hits="2"/><line number="82" hits="4"/><line number="83" hits="4"/><line number="86" hits="4"/><line number="87" hits="4"/><line number="90" hits="2"/><line number="91" hits="2"/><line number="94" hits="5"/><line number="95" hits="5"/><line number="98" hits="3"/><line number="99" hits="3"/><line number="102" hits="5"/><line number="103" hits="5"/><line number="106" hits="1"/><line number="111" hits="1"/><line number="122" hits="4"/><line number="126" hits="9"/><line number="129" hits="1"/><line number="133" hits="3"/><line number="136" hits="0"/><line number="137" hits="0"/><line number="149" hits="1"/><line number="151" hits="1"/><line number="154" hits="1"/><line number="155" hits="1"/><line number="158" hits="0"/><line number="159" hits="0"/><line number="162" hits="0"/><line number="164" hits="0"/><line number="175" hits="0"/><line number="176" hits="0"/><line number="179" hits="0"/><line number="180" hits="0"/><line number="183" hits="0"/><line number="184" hits="0"/><line number="187" hits="0"/><line number="188" hits="0"/><line number="191" hits="0"/><line number="192" hits="0"/></lines></class><class name="mod" filename="consensus-core/src/testing/mod.rs" line-rate="1" branch-rate="0" complexity="0"><methods/><lines><line number="43" hits="3"/><line number="44" hits="6"/><line number="47" hits="18"/><line number="50" hits="6"/></lines></class></classes></package><package name="consensus-core/src/liveness" line-rate="0.7972972972972973" branch-rate="0" complexity="0"><classes><class name="pacemaker" filename="consensus-core/src/liveness/pacemaker.rs" line-rate="0.8444444444444444" branch-rate="0" complexity="0"><methods/><lines><line number="32" hits="69"/><line number="44" hits="0"/><line number="59" hits="44"/><line number="60" hits="88"/><line number="74" hits="4"/><line number="75" hits="4"/><line number="76" hits="6"/><line number="77" hits="2"/><line number="78" hits="6"/><line number="97" hits="15"/><line number="137" hits="60"/><line number="138" hits="60"/><line number="139" hits="60"/><line number="140" hits="0"/><line number="142" hits="60"/><line number="143" hits="240"/><line number="144" hits="0"/><line number="148" hits="120"/><line number="156" hits="4"/><line number="157" hits="8"/><line number="162" hits="29"/><line number="163" hits="116"/><line number="164" hits="145"/><line number="165" hits="58"/><line number="166" hits="58"/><line number="203" hits="55"/><line number="204" hits="110"/><line number="208" hits="165"/><line number="215" hits="9"/><line number="216" hits="9"/><line number="220" hits="3"/><line number="221" hits="3"/><line number="227" hits="19"/><line number="228" hits="19"/><line number="239" hits="19"/><line number="240" hits="38"/><line number="241" hits="4"/><line number="242" hits="4"/><line number="243" hits="0"/><line number="244" hits="0"/><line number="248" hits="45"/><line number="249" hits="30"/><line number="250" hits="2"/><line number="255" hits="30"/><line number="256" hits="15"/><line number="257" hits="30"/><line number="259" hits="15"/><line number="261" hits="45"/><line number="268" hits="7"/><line number="269" hits="7"/><line number="270" hits="2"/><line number="271" hits="2"/><line number="272" hits="0"/><line number="273" hits="0"/><line number="277" hits="5"/><line number="278" hits="5"/><line number="282" hits="1"/><line number="283" hits="3"/><line number="284" hits="2"/><line number="285" hits="1"/><line number="287" hits="1"/><line number="288" hits="2"/><line number="295" hits="1"/><line number="298" hits="1"/><line number="304" hits="0"/><line number="305" hits="0"/><line number="306" hits="0"/><line number="311" hits="0"/><line number="312" hits="0"/><line number="322" hits="0"/><line number="323" hits="0"/><line number="329" hits="1"/><line number="331" hits="1"/><line number="336" hits="1"/><line number="337" hits="1"/><line number="338" hits="1"/><line number="342" hits="1"/><line number="343" hits="1"/><line number="344" hits="1"/><line number="348" hits="1"/><line number="349" hits="1"/><line number="350" hits="1"/><line number="354" hits="1"/><line number="355" hits="1"/><line number="356" hits="1"/><line number="360" hits="1"/><line number="362" hits="2"/><line number="363" hits="1"/><line number="364" hits="1"/><line number="367" hits="3"/></lines></class><class name="proposer" filename="consensus-core/src/liveness/proposer.rs" line-rate="0.7241379310344828" branch-rate="0" complexity="0"><methods/><lines><line number="30" hits="5"/><line number="59" hits="18"/><line number="67" hits="0"/><line number="68" hits="0"/><line number="72" hits="0"/><line number="73" hits="0"/><line number="84" hits="17"/><line number="85" hits="34"/><line number="86" hits="0"/><line number="89" hits="17"/><line number="90" hits="4"/><line number="93" hits="26"/><line number="94" hits="39"/><line number="96" hits="39"/><line number="129" hits="2"/><line number="130" hits="12"/><line number="143" hits="200"/><line number="144" hits="400"/><line number="145" hits="0"/><line number="149" hits="400"/><line number="150" hits="400"/><line number="152" hits="1020"/><line number="153" hits="340"/><line number="154" hits="340"/><line number="155" hits="200"/><line number="160" hits="0"/><line number="171" hits="200"/><line number="172" hits="200"/><line number="173" hits="0"/><line number="176" hits="600"/><line number="179" hits="0"/><line number="182" hits="0"/><line number="212" hits="2"/><line number="213" hits="4"/><line number="215" hits="10"/><line number="225" hits="202"/><line number="226" hits="404"/><line number="227" hits="202"/><line number="228" hits="606"/><line number="229" hits="202"/><line number="231" hits="202"/><line number="241" hits="101"/><line number="243" hits="303"/><line number="246" hits="101"/><line number="248" hits="303"/><line number="251" hits="6"/><line number="252" hits="6"/><line number="253" hits="12"/><line number="255" hits="12"/><line number="258" hits="1"/><line number="260" hits="8"/><line number="261" hits="3"/><line number="294" hits="0"/><line number="305" hits="0"/><line number="321" hits="0"/><line number="324" hits="0"/><line number="327" hits="0"/><line number="328" hits="0"/></lines></class></classes></package><package name="consensus-core/src" line-rate="0.7883403361344538" branch-rate="0" complexity="0"><classes><class name="types" filename="consensus-core/src/types.rs" line-rate="0.6666666666666666" branch-rate="0" complexity="0"><methods/><lines><line number="43" hits="4"/><line number="44" hits="4"/><line number="45" hits="9"/><line number="46" hits="3"/><line number="47" hits="0"/><line number="48" hits="0"/></lines></class></classes></package><package name="consensus-core/src/state" line-rate="0.7878787878787878" branch-rate="0" complexity="0"><classes><class name="round_state" filename="consensus-core/src/state/round_state.rs" line-rate="0.7878787878787878" branch-rate="0" complexity="0"><methods/><lines><line number="23" hits="4"/><line number="64" hits="63"/><line number="66" hits="126"/><line number="67" hits="126"/><line number="75" hits="3"/><line number="76" hits="3"/><line number="80" hits="59"/><line number="81" hits="59"/><line number="85" hits="7"/><line number="86" hits="7"/><line number="88" hits="14"/><line number="92" hits="0"/><line number="93" hits="0"/><line number="94" hits="0"/><line number="95" hits="0"/><line number="96" hits="0"/><line number="100" hits="4"/><line number="101" hits="8"/><line number="105" hits="4"/><line number="106" hits="8"/><line number="110" hits="0"/><line number="113" hits="0"/><line number="117" hits="4"/><line number="121" hits="8"/><line number="125" hits="5"/><line number="126" hits="5"/><line number="127" hits="10"/><line number="131" hits="5"/><line number="132" hits="5"/><line number="136" hits="16"/><line number="137" hits="16"/><line number="141" hits="4"/><line number="142" hits="10"/></lines></class></classes></package><package name="consensus-core/src/crypto" line-rate="1" branch-rate="0" complexity="0"><classes><class name="signature_aggregator" filename="consensus-core/src/crypto/signature_aggregator.rs" line-rate="1" branch-rate="0" complexity="0"><methods/><lines><line number="61" hits="56"/><line number="63" hits="56"/><line number="79" hits="103"/><line number="86" hits="307"/><line number="87" hits="202"/><line number="88" hits="202"/><line number="89" hits="303"/><line number="94" hits="15"/><line number="95" hits="15"/><line number="99" hits="11"/><line number="100" hits="11"/><line number="104" hits="45"/><line number="105" hits="90"/><line number="109" hits="5"/><line number="110" hits="10"/><line number="123" hits="44"/><line number="131" hits="176"/><line number="144" hits="5"/><line number="152" hits="20"/><line number="156" hits="1"/><line number="157" hits="2"/><line number="158" hits="1"/><line number="159" hits="1"/><line number="163" hits="5"/><line number="164" hits="15"/><line number="168" hits="1"/><line number="169" hits="3"/><line number="177" hits="1"/><line number="178" hits="1"/></lines></class></classes></package><package name="consensus-core/src/dag" line-rate="0.7643835616438356" branch-rate="0" complexity="0"><classes><class name="driver" filename="consensus-core/src/dag/driver.rs" line-rate="0.9" branch-rate="0" complexity="0"><methods/><lines><line number="38" hits="16"/><line number="104" hits="13"/><line number="112" hits="13"/><line number="115" hits="65"/><line number="117" hits="13"/><line number="118" hits="13"/><line number="121" hits="39"/><line number="122" hits="26"/><line number="123" hits="13"/><line number="124" hits="26"/><line number="125" hits="13"/><line number="133" hits="13"/><line number="139" hits="6"/><line number="140" hits="6"/><line number="144" hits="1"/><line number="145" hits="1"/><line number="149" hits="1"/><line number="150" hits="1"/><line number="171" hits="2"/><line number="179" hits="4"/><line number="181" hits="2"/><line number="188" hits="2"/><line number="189" hits="4"/><line number="192" hits="0"/><line number="193" hits="2"/><line number="196" hits="4"/><line number="199" hits="2"/><line number="202" hits="4"/><line number="203" hits="2"/><line number="206" hits="0"/><line number="210" hits="2"/><line number="211" hits="0"/><line number="214" hits="2"/><line number="220" hits="0"/><line number="228" hits="0"/><line number="234" hits="6"/><line number="236" hits="6"/><line number="237" hits="2"/><line number="240" hits="5"/><line number="247" hits="5"/><line number="257" hits="2"/><line number="259" hits="4"/><line number="268" hits="1"/><line number="271" hits="1"/><line number="277" hits="2"/><line number="278" hits="2"/><line number="279" hits="1"/><line number="282" hits="1"/><line number="284" hits="5"/><line number="285" hits="6"/><line number="286" hits="0"/><line number="290" hits="1"/><line number="291" hits="1"/><line number="295" hits="5"/><line number="296" hits="15"/><line number="300" hits="9"/><line number="301" hits="18"/><line number="311" hits="1"/><line number="313" hits="2"/><line number="318" hits="1"/></lines></class><class name="ordering" filename="consensus-core/src/dag/ordering.rs" line-rate="1" branch-rate="0" complexity="0"><methods/><lines><line number="30" hits="13"/><line number="51" hits="5"/><line number="109" hits="15"/><line number="117" hits="7"/><line number="118" hits="44"/><line number="130" hits="2"/><line number="132" hits="4"/><line number="133" hits="4"/><line number="134" hits="2"/><line number="135" hits="2"/><line number="137" hits="2"/><line number="140" hits="2"/><line number="183" hits="25"/><line number="198" hits="4"/><line number="199" hits="4"/><line number="205" hits="1"/><line number="208" hits="1"/><line number="214" hits="1"/><line number="220" hits="1"/><line number="224" hits="1"/><line number="230" hits="1"/><line number="234" hits="1"/><line number="237" hits="1"/><line number="241" hits="1"/><line number="247" hits="1"/><line number="251" hits="1"/><line number="259" hits="2"/><line number="260" hits="1"/><line number="261" hits="1"/><line number="266" hits="2"/><line number="269" hits="2"/><line number="273" hits="2"/><line number="276" hits="2"/><line number="280" hits="2"/><line number="283" hits="2"/></lines></class><class name="store" filename="consensus-core/src/dag/store.rs" line-rate="0.7368421052631579" branch-rate="0" complexity="0"><methods/><lines><line number="46" hits="6"/><line number="47" hits="6"/><line number="48" hits="12"/><line number="53" hits="0"/><line number="54" hits="0"/><line number="55" hits="0"/><line number="56" hits="0"/><line number="61" hits="2"/><line number="62" hits="3"/><line number="66" hits="1"/><line number="67" hits="1"/><line number="68" hits="1"/><line number="69" hits="0"/><line number="71" hits="2"/><line number="72" hits="1"/><line number="86" hits="21"/><line number="132" hits="34"/><line number="133" hits="68"/><line number="136" hits="304"/><line number="139" hits="68"/><line number="149" hits="0"/><line number="153" hits="0"/><line number="157" hits="0"/><line number="161" hits="0"/><line number="165" hits="0"/><line number="169" hits="0"/><line number="173" hits="0"/><line number="174" hits="0"/><line number="178" hits="2"/><line number="179" hits="4"/><line number="190" hits="12"/><line number="194" hits="36"/><line number="195" hits="36"/><line number="196" hits="36"/><line number="197" hits="36"/><line number="204" hits="47"/><line number="205" hits="14"/><line number="208" hits="22"/><line number="209" hits="33"/><line number="210" hits="38"/><line number="213" hits="22"/><line number="214" hits="0"/><line number="218" hits="11"/><line number="219" hits="22"/><line number="220" hits="1"/><line number="221" hits="0"/><line number="222" hits="0"/><line number="226" hits="20"/><line number="227" hits="10"/><line number="228" hits="10"/><line number="231" hits="10"/><line number="237" hits="4"/><line number="238" hits="16"/><line number="239" hits="16"/><line number="240" hits="9"/><line number="242" hits="13"/><line number="248" hits="2"/><line number="249" hits="8"/><line number="250" hits="8"/><line number="251" hits="6"/><line number="253" hits="4"/><line number="257" hits="3"/><line number="258" hits="12"/><line number="262" hits="1"/><line number="263" hits="4"/><line number="264" hits="1"/><line number="266" hits="4"/><line number="267" hits="1"/><line number="269" hits="2"/><line number="270" hits="0"/><line number="273" hits="2"/><line number="275" hits="1"/><line number="277" hits="2"/><line number="281" hits="4"/><line number="282" hits="4"/><line number="283" hits="8"/><line number="284" hits="6"/><line number="285" hits="2"/><line number="286" hits="26"/><line number="287" hits="2"/><line number="293" hits="0"/><line number="294" hits="0"/><line number="296" hits="0"/><line number="297" hits="0"/><line number="298" hits="0"/><line number="304" hits="8"/><line number="305" hits="8"/><line number="307" hits="44"/><line number="312" hits="4"/><line number="313" hits="4"/><line number="317" hits="0"/><line number="318" hits="0"/><line number="319" hits="0"/><line number="323" hits="1"/><line number="324" hits="2"/></lines></class><class name="testing" filename="consensus-core/src/dag/testing.rs" line-rate="0.9032258064516129" branch-rate="0" complexity="0"><methods/><lines><line number="31" hits="1"/><line number="32" hits="3"/><line number="37" hits="3"/><line number="38" hits="3"/><line number="41" hits="0"/><line number="42" hits="0"/><line number="45" hits="1"/><line number="46" hits="1"/><line number="55" hits="1"/><line number="56" hits="3"/><line number="61" hits="3"/><line number="62" hits="3"/><line number="65" hits="0"/><line number="66" hits="0"/><line number="69" hits="1"/><line number="70" hits="1"/><line number="79" hits="1"/><line number="80" hits="3"/><line number="85" hits="3"/><line number="86" hits="3"/><line number="89" hits="0"/><line number="90" hits="0"/><line number="93" hits="1"/><line number="94" hits="1"/><line number="128" hits="1"/><line number="129" hits="1"/><line number="135" hits="35"/><line number="137" hits="70"/><line number="138" hits="35"/><line number="139" hits="35"/><line number="145" hits="28"/><line number="146" hits="28"/><line number="147" hits="28"/><line number="151" hits="33"/><line number="152" hits="33"/><line number="153" hits="33"/><line number="157" hits="33"/><line number="158" hits="33"/><line number="159" hits="33"/><line number="163" hits="23"/><line number="164" hits="23"/><line number="165" hits="23"/><line number="169" hits="35"/><line number="170" hits="175"/><line number="171" hits="175"/><line number="172" hits="140"/><line number="173" hits="70"/><line number="174" hits="175"/><line number="175" hits="175"/><line number="176" hits="105"/><line number="181" hits="4"/><line number="182" hits="8"/><line number="184" hits="16"/><line number="185" hits="87"/><line number="186" hits="63"/><line number="188" hits="63"/><line number="189" hits="63"/><line number="190" hits="63"/><line number="192" hits="42"/><line number="196" hits="4"/><line number="200" hits="11"/><line number="201" hits="33"/></lines></class><class name="types" filename="consensus-core/src/dag/types.rs" line-rate="0.5663716814159292" branch-rate="0" complexity="0"><methods/><lines><line number="41" hits="68"/><line number="46" hits="9"/><line number="47" hits="9"/><line number="51" hits="28"/><line number="52" hits="28"/><line number="56" hits="26"/><line number="57" hits="26"/><line number="71" hits="0"/><line number="75" hits="0"/><line number="76" hits="0"/><line number="79" hits="1"/><line number="80" hits="1"/><line number="83" hits="0"/><line number="84" hits="0"/><line number="94" hits="4"/><line number="95" hits="12"/><line number="96" hits="0"/><line number="97" hits="8"/><line number="108" hits="2"/><line number="109" hits="6"/><line number="119" hits="0"/><line number="120" hits="0"/><line number="121" hits="0"/><line number="122" hits="0"/><line number="132" hits="2"/><line number="133" hits="6"/><line number="151" hits="49"/><line number="160" hits="16"/><line number="161" hits="16"/><line number="165" hits="6"/><line number="166" hits="6"/><line number="170" hits="0"/><line number="171" hits="0"/><line number="183" hits="12"/><line number="184" hits="12"/><line number="187" hits="0"/><line number="188" hits="0"/><line number="191" hits="1"/><line number="192" hits="2"/><line number="195" hits="0"/><line number="196" hits="0"/><line number="199" hits="0"/><line number="200" hits="0"/><line number="203" hits="0"/><line number="204" hits="0"/><line number="220" hits="48"/><line number="225" hits="2"/><line number="226" hits="2"/><line number="230" hits="2"/><line number="235" hits="2"/><line number="236" hits="2"/><line number="247" hits="0"/><line number="248" hits="0"/><line number="251" hits="1"/><line number="252" hits="2"/><line number="255" hits="1"/><line number="256" hits="2"/><line number="271" hits="1"/><line number="276" hits="0"/><line number="277" hits="0"/><line number="281" hits="49"/><line number="282" hits="49"/><line number="286" hits="1"/><line number="287" hits="3"/><line number="301" hits="2"/><line number="302" hits="4"/><line number="305" hits="4"/><line number="306" hits="8"/><line number="309" hits="0"/><line number="310" hits="0"/><line number="313" hits="0"/><line number="314" hits="0"/><line number="333" hits="47"/><line number="342" hits="63"/><line number="343" hits="63"/><line number="347" hits="1"/><line number="348" hits="1"/><line number="352" hits="1"/><line number="353" hits="1"/><line number="367" hits="12"/><line number="368" hits="12"/><line number="371" hits="0"/><line number="372" hits="0"/><line number="375" hits="0"/><line number="376" hits="0"/><line number="392" hits="47"/><line number="400" hits="2"/><line number="401" hits="2"/><line number="405" hits="0"/><line number="406" hits="0"/><line number="418" hits="0"/><line number="419" hits="0"/><line number="422" hits="0"/><line number="423" hits="0"/><line number="440" hits="47"/><line number="442" hits="94"/><line number="448" hits="18"/><line number="449" hits="18"/><line number="453" hits="3"/><line number="454" hits="3"/><line number="466" hits="12"/><line number="467" hits="12"/><line number="470" hits="0"/><line number="471" hits="0"/><line number="487" hits="0"/><line number="495" hits="0"/><line number="496" hits="0"/><line number="500" hits="0"/><line number="501" hits="0"/><line number="513" hits="0"/><line number="514" hits="0"/><line number="517" hits="0"/><line number="518" hits="0"/></lines></class></classes></package><package name="consensus-core/src/consensus" line-rate="0.7853309481216458" branch-rate="0" complexity="0"><classes><class name="mod" filename="consensus-core/src/consensus/mod.rs" line-rate="0.6971428571428572" branch-rate="0" complexity="0"><methods/><lines><line number="81" hits="61"/><line number="85" hits="122"/><line number="86" hits="61"/><line number="87" hits="61"/><line number="95" hits="1"/><line number="135" hits="20"/><line number="136" hits="20"/><line number="137" hits="30"/><line number="138" hits="12"/><line number="139" hits="3"/><line number="140" hits="3"/><line number="141" hits="12"/><line number="273" hits="43"/><line number="279" hits="129"/><line number="281" hits="215"/><line number="285" hits="86"/><line number="286" hits="43"/><line number="287" hits="43"/><line number="290" hits="215"/><line number="292" hits="172"/><line number="294" hits="129"/><line number="295" hits="43"/><line number="296" hits="43"/><line number="304" hits="129"/><line number="315" hits="23"/><line number="316" hits="23"/><line number="317" hits="24"/><line number="318" hits="1"/><line number="319" hits="0"/><line number="322" hits="22"/><line number="325" hits="22"/><line number="326" hits="22"/><line number="327" hits="44"/><line number="328" hits="44"/><line number="331" hits="22"/><line number="338" hits="13"/><line number="339" hits="13"/><line number="340" hits="15"/><line number="341" hits="2"/><line number="342" hits="0"/><line number="345" hits="11"/><line number="346" hits="11"/><line number="348" hits="22"/><line number="350" hits="11"/><line number="354" hits="11"/><line number="355" hits="11"/><line number="359" hits="9"/><line number="360" hits="18"/><line number="364" hits="7"/><line number="365" hits="14"/><line number="369" hits="0"/><line number="370" hits="0"/><line number="374" hits="0"/><line number="375" hits="0"/><line number="379" hits="0"/><line number="380" hits="0"/><line number="396" hits="2"/><line number="405" hits="3"/><line number="406" hits="1"/><line number="407" hits="1"/><line number="408" hits="2"/><line number="409" hits="1"/><line number="410" hits="1"/><line number="415" hits="4"/><line number="417" hits="1"/><line number="418" hits="0"/><line number="419" hits="0"/><line number="420" hits="0"/><line number="421" hits="0"/><line number="422" hits="0"/><line number="427" hits="6"/><line number="429" hits="1"/><line number="430" hits="0"/><line number="432" hits="3"/><line number="434" hits="1"/><line number="435" hits="1"/><line number="436" hits="0"/><line number="437" hits="2"/><line number="439" hits="1"/><line number="441" hits="0"/><line number="444" hits="1"/><line number="445" hits="1"/><line number="446" hits="2"/><line number="447" hits="2"/><line number="448" hits="1"/><line number="451" hits="0"/><line number="452" hits="0"/><line number="453" hits="0"/><line number="454" hits="0"/><line number="455" hits="0"/><line number="457" hits="0"/><line number="458" hits="0"/><line number="459" hits="0"/><line number="460" hits="0"/><line number="461" hits="0"/><line number="463" hits="0"/><line number="464" hits="0"/><line number="465" hits="0"/><line number="466" hits="0"/><line number="467" hits="0"/><line number="485" hits="2"/><line number="493" hits="2"/><line number="494" hits="3"/><line number="495" hits="1"/><line number="496" hits="0"/><line number="499" hits="3"/><line number="502" hits="6"/><line number="504" hits="1"/><line number="505" hits="1"/><line number="506" hits="1"/><line number="517" hits="3"/><line number="521" hits="3"/><line number="522" hits="5"/><line number="523" hits="2"/><line number="524" hits="0"/><line number="527" hits="2"/><line number="530" hits="4"/><line number="535" hits="0"/><line number="536" hits="0"/><line number="537" hits="0"/><line number="538" hits="0"/><line number="541" hits="0"/><line number="552" hits="11"/><line number="553" hits="11"/><line number="554" hits="13"/><line number="555" hits="2"/><line number="556" hits="0"/><line number="560" hits="18"/><line number="561" hits="29"/><line number="563" hits="7"/><line number="564" hits="7"/><line number="565" hits="0"/><line number="566" hits="0"/><line number="569" hits="7"/><line number="586" hits="6"/><line number="587" hits="6"/><line number="588" hits="7"/><line number="589" hits="1"/><line number="590" hits="0"/><line number="594" hits="15"/><line number="595" hits="15"/><line number="597" hits="15"/><line number="598" hits="3"/><line number="599" hits="4"/><line number="602" hits="5"/><line number="603" hits="5"/><line number="607" hits="0"/><line number="608" hits="0"/><line number="609" hits="0"/><line number="611" hits="0"/><line number="615" hits="0"/><line number="616" hits="0"/><line number="617" hits="0"/><line number="618" hits="0"/><line number="627" hits="0"/><line number="651" hits="44"/><line number="653" hits="88"/><line number="661" hits="15"/><line number="662" hits="15"/><line number="663" hits="15"/><line number="667" hits="43"/><line number="668" hits="86"/><line number="669" hits="43"/><line number="673" hits="4"/><line number="674" hits="4"/><line number="675" hits="4"/><line number="679" hits="44"/><line number="685" hits="87"/><line number="686" hits="46"/><line number="688" hits="86"/><line number="689" hits="86"/><line number="690" hits="43"/><line number="691" hits="43"/><line number="702" hits="0"/><line number="703" hits="0"/></lines></class><class name="reconfig" filename="consensus-core/src/consensus/reconfig.rs" line-rate="0.7786259541984732" branch-rate="0" complexity="0"><methods/><lines><line number="40" hits="10"/><line number="94" hits="12"/><line number="95" hits="20"/><line number="99" hits="2"/><line number="100" hits="3"/><line number="104" hits="1"/><line number="105" hits="2"/><line number="109" hits="2"/><line number="110" hits="2"/><line number="111" hits="2"/><line number="112" hits="0"/><line number="113" hits="2"/><line number="114" hits="0"/><line number="119" hits="2"/><line number="120" hits="2"/><line number="121" hits="2"/><line number="122" hits="0"/><line number="123" hits="2"/><line number="124" hits="0"/><line number="152" hits="7"/><line number="153" hits="64"/><line number="163" hits="5"/><line number="164" hits="10"/><line number="168" hits="5"/><line number="169" hits="10"/><line number="173" hits="6"/><line number="174" hits="24"/><line number="178" hits="2"/><line number="179" hits="6"/><line number="183" hits="0"/><line number="184" hits="0"/><line number="188" hits="2"/><line number="190" hits="2"/><line number="194" hits="2"/><line number="195" hits="6"/><line number="196" hits="17"/><line number="197" hits="7"/><line number="200" hits="4"/><line number="273" hits="9"/><line number="278" hits="18"/><line number="279" hits="9"/><line number="285" hits="6"/><line number="286" hits="6"/><line number="290" hits="10"/><line number="291" hits="20"/><line number="295" hits="2"/><line number="296" hits="6"/><line number="300" hits="1"/><line number="301" hits="4"/><line number="305" hits="0"/><line number="306" hits="0"/><line number="320" hits="8"/><line number="321" hits="8"/><line number="322" hits="8"/><line number="323" hits="1"/><line number="326" hits="21"/><line number="327" hits="7"/><line number="328" hits="7"/><line number="329" hits="1"/><line number="332" hits="12"/><line number="333" hits="6"/><line number="334" hits="6"/><line number="337" hits="6"/><line number="346" hits="1"/><line number="347" hits="4"/><line number="361" hits="5"/><line number="362" hits="9"/><line number="363" hits="8"/><line number="364" hits="2"/><line number="367" hits="9"/><line number="369" hits="9"/><line number="371" hits="6"/><line number="372" hits="3"/><line number="373" hits="3"/><line number="374" hits="3"/><line number="378" hits="12"/><line number="380" hits="3"/><line number="390" hits="1"/><line number="391" hits="3"/><line number="392" hits="0"/><line number="393" hits="1"/><line number="394" hits="1"/><line number="395" hits="1"/><line number="396" hits="0"/><line number="397" hits="1"/><line number="398" hits="1"/><line number="399" hits="0"/><line number="400" hits="0"/><line number="401" hits="0"/><line number="403" hits="1"/><line number="405" hits="0"/><line number="409" hits="3"/><line number="411" hits="2"/><line number="412" hits="1"/><line number="413" hits="1"/><line number="417" hits="2"/><line number="419" hits="1"/><line number="423" hits="1"/><line number="424" hits="3"/><line number="428" hits="0"/><line number="429" hits="0"/><line number="433" hits="1"/><line number="434" hits="2"/><line number="438" hits="3"/><line number="439" hits="6"/><line number="440" hits="6"/><line number="449" hits="3"/><line number="450" hits="9"/><line number="462" hits="0"/><line number="466" hits="0"/><line number="467" hits="0"/><line number="468" hits="0"/><line number="471" hits="0"/><line number="473" hits="0"/><line number="474" hits="0"/><line number="475" hits="0"/><line number="482" hits="0"/><line number="488" hits="0"/><line number="491" hits="0"/><line number="499" hits="2"/><line number="500" hits="0"/><line number="501" hits="2"/><line number="502" hits="2"/><line number="503" hits="0"/><line number="504" hits="2"/><line number="506" hits="4"/><line number="507" hits="4"/><line number="508" hits="2"/><line number="509" hits="2"/><line number="515" hits="5"/><line number="516" hits="10"/></lines></class><class name="runtime" filename="consensus-core/src/consensus/runtime.rs" line-rate="0.84" branch-rate="0" complexity="0"><methods/><lines><line number="42" hits="20"/><line number="47" hits="20"/><line number="54" hits="3"/><line number="69" hits="2"/><line number="70" hits="4"/><line number="74" hits="1"/><line number="75" hits="2"/><line number="105" hits="24"/><line number="106" hits="38"/><line number="110" hits="13"/><line number="111" hits="13"/><line number="115" hits="6"/><line number="117" hits="6"/><line number="122" hits="3"/><line number="123" hits="3"/><line number="127" hits="7"/><line number="129" hits="7"/><line number="188" hits="10"/><line number="189" hits="10"/><line number="190" hits="4"/><line number="191" hits="20"/><line number="193" hits="2"/><line number="194" hits="10"/><line number="196" hits="1"/><line number="197" hits="4"/><line number="199" hits="1"/><line number="200" hits="3"/><line number="202" hits="1"/><line number="203" hits="3"/><line number="205" hits="1"/><line number="206" hits="5"/><line number="273" hits="17"/><line number="277" hits="17"/><line number="278" hits="17"/><line number="285" hits="0"/><line number="286" hits="0"/><line number="290" hits="0"/><line number="291" hits="0"/><line number="295" hits="0"/><line number="296" hits="0"/><line number="300" hits="5"/><line number="301" hits="5"/><line number="307" hits="8"/><line number="308" hits="24"/><line number="312" hits="3"/><line number="313" hits="6"/><line number="323" hits="2"/><line number="324" hits="4"/><line number="326" hits="16"/><line number="327" hits="14"/><line number="328" hits="2"/><line number="332" hits="4"/><line number="333" hits="2"/><line number="336" hits="1"/><line number="338" hits="2"/><line number="340" hits="1"/><line number="343" hits="1"/><line number="345" hits="3"/><line number="346" hits="0"/><line number="347" hits="4"/><line number="351" hits="1"/><line number="353" hits="2"/><line number="354" hits="0"/><line number="355" hits="4"/><line number="359" hits="0"/><line number="361" hits="1"/><line number="364" hits="0"/><line number="366" hits="1"/><line number="370" hits="21"/><line number="373" hits="2"/><line number="387" hits="1"/><line number="394" hits="4"/><line number="395" hits="1"/><line number="407" hits="1"/><line number="414" hits="4"/><line number="415" hits="1"/><line number="427" hits="1"/><line number="434" hits="3"/><line number="435" hits="1"/><line number="445" hits="5"/><line number="446" hits="5"/><line number="447" hits="2"/><line number="450" hits="4"/><line number="453" hits="8"/><line number="455" hits="8"/><line number="456" hits="4"/><line number="466" hits="3"/><line number="467" hits="3"/><line number="468" hits="2"/><line number="471" hits="2"/><line number="474" hits="4"/><line number="477" hits="4"/><line number="480" hits="4"/><line number="482" hits="4"/><line number="483" hits="2"/><line number="497" hits="5"/><line number="498" hits="5"/><line number="499" hits="1"/><line number="500" hits="4"/><line number="502" hits="1"/><line number="505" hits="1"/><line number="506" hits="3"/><line number="508" hits="1"/><line number="511" hits="0"/><line number="512" hits="0"/><line number="513" hits="0"/><line number="514" hits="0"/><line number="515" hits="0"/><line number="519" hits="1"/><line number="520" hits="2"/><line number="521" hits="2"/><line number="522" hits="1"/><line number="523" hits="0"/><line number="527" hits="0"/><line number="528" hits="1"/><line number="531" hits="0"/><line number="532" hits="1"/><line number="538" hits="1"/><line number="539" hits="2"/><line number="543" hits="1"/><line number="544" hits="2"/><line number="548" hits="0"/><line number="549" hits="0"/><line number="553" hits="1"/><line number="554" hits="2"/></lines></class><class name="state_sync" filename="consensus-core/src/consensus/state_sync.rs" line-rate="0.859375" branch-rate="0" complexity="0"><methods/><lines><line number="39" hits="11"/><line number="82" hits="16"/><line number="83" hits="27"/><line number="87" hits="3"/><line number="88" hits="4"/><line number="92" hits="2"/><line number="93" hits="3"/><line number="97" hits="3"/><line number="98" hits="3"/><line number="99" hits="6"/><line number="100" hits="0"/><line number="105" hits="1"/><line number="106" hits="1"/><line number="107" hits="2"/><line number="108" hits="0"/><line number="128" hits="9"/><line number="137" hits="3"/><line number="138" hits="5"/><line number="142" hits="1"/><line number="143" hits="2"/><line number="168" hits="4"/><line number="177" hits="1"/><line number="178" hits="2"/><line number="182" hits="1"/><line number="183" hits="2"/><line number="187" hits="1"/><line number="188" hits="4"/><line number="192" hits="1"/><line number="193" hits="4"/><line number="197" hits="4"/><line number="198" hits="15"/><line number="199" hits="21"/><line number="200" hits="21"/><line number="202" hits="7"/><line number="203" hits="7"/><line number="204" hits="1"/><line number="205" hits="0"/><line number="206" hits="0"/><line number="210" hits="3"/><line number="255" hits="10"/><line number="259" hits="20"/><line number="260" hits="20"/><line number="267" hits="6"/><line number="268" hits="6"/><line number="272" hits="3"/><line number="273" hits="3"/><line number="277" hits="2"/><line number="278" hits="2"/><line number="293" hits="10"/><line number="294" hits="21"/><line number="296" hits="9"/><line number="298" hits="2"/><line number="299" hits="1"/><line number="301" hits="1"/><line number="305" hits="32"/><line number="306" hits="32"/><line number="308" hits="16"/><line number="309" hits="8"/><line number="310" hits="8"/><line number="311" hits="8"/><line number="316" hits="8"/><line number="317" hits="8"/><line number="318" hits="8"/><line number="320" hits="24"/><line number="322" hits="8"/><line number="337" hits="2"/><line number="338" hits="6"/><line number="339" hits="2"/><line number="342" hits="4"/><line number="345" hits="4"/><line number="346" hits="0"/><line number="349" hits="2"/><line number="351" hits="0"/><line number="355" hits="20"/><line number="356" hits="24"/><line number="357" hits="18"/><line number="361" hits="6"/><line number="362" hits="10"/><line number="364" hits="4"/><line number="365" hits="2"/><line number="367" hits="0"/><line number="368" hits="0"/><line number="371" hits="4"/><line number="372" hits="4"/><line number="373" hits="2"/><line number="374" hits="2"/><line number="378" hits="2"/><line number="379" hits="0"/><line number="381" hits="0"/><line number="382" hits="0"/><line number="385" hits="0"/><line number="386" hits="0"/><line number="391" hits="2"/><line number="395" hits="1"/><line number="396" hits="1"/><line number="400" hits="0"/><line number="401" hits="0"/><line number="407" hits="2"/><line number="408" hits="4"/><line number="409" hits="4"/><line number="411" hits="20"/><line number="412" hits="16"/><line number="413" hits="4"/><line number="414" hits="4"/><line number="417" hits="2"/><line number="421" hits="2"/><line number="422" hits="2"/><line number="423" hits="0"/><line number="425" hits="2"/><line number="430" hits="3"/><line number="431" hits="5"/><line number="432" hits="4"/><line number="434" hits="1"/><line number="439" hits="1"/><line number="440" hits="2"/><line number="441" hits="2"/><line number="442" hits="2"/><line number="446" hits="1"/><line number="447" hits="2"/><line number="448" hits="2"/><line number="449" hits="2"/><line number="450" hits="1"/><line number="454" hits="3"/><line number="455" hits="6"/><line number="459" hits="4"/><line number="460" hits="12"/><line number="464" hits="0"/><line number="465" hits="0"/></lines></class></classes></package><package name="consensus-traits/src" line-rate="0.8" branch-rate="0" complexity="0"><classes><class name="block" filename="consensus-traits/src/block.rs" line-rate="0.5" branch-rate="0" complexity="0"><methods/><lines><line number="135" hits="0"/><line number="136" hits="0"/><line number="140" hits="46"/><line number="141" hits="92"/></lines></class><class name="dag" filename="consensus-traits/src/dag.rs" line-rate="0.6923076923076923" branch-rate="0" complexity="0"><methods/><lines><line number="152" hits="0"/><line number="153" hits="0"/><line number="157" hits="0"/><line number="158" hits="0"/><line number="261" hits="10"/><line number="262" hits="10"/><line number="263" hits="9"/><line number="264" hits="6"/><line number="265" hits="3"/><line number="266" hits="3"/><line number="267" hits="3"/><line number="268" hits="3"/><line number="269" hits="3"/></lines></class><class name="proposer" filename="consensus-traits/src/proposer.rs" line-rate="0.9166666666666666" branch-rate="0" complexity="0"><methods/><lines><line number="27" hits="2"/><line number="28" hits="4"/><line number="42" hits="4"/><line number="43" hits="4"/><line number="49" hits="7"/><line number="54" hits="28"/><line number="55" hits="14"/><line number="74" hits="0"/><line number="82" hits="2"/><line number="83" hits="4"/><line number="87" hits="2"/><line number="88" hits="2"/></lines></class><class name="safety" filename="consensus-traits/src/safety.rs" line-rate="1" branch-rate="0" complexity="0"><methods/><lines><line number="326" hits="4"/><line number="327" hits="4"/><line number="328" hits="2"/><line number="329" hits="4"/><line number="334" hits="4"/><line number="335" hits="6"/></lines></class></classes></package><package name="consensus-core/src/proposal" line-rate="0.9411764705882353" branch-rate="0" complexity="0"><classes><class name="generator" filename="consensus-core/src/proposal/generator.rs" line-rate="0.9411764705882353" branch-rate="0" complexity="0"><methods/><lines><line number="26" hits="4"/><line number="29" hits="4"/><line number="88" hits="3"/><line number="109" hits="1"/><line number="121" hits="3"/><line number="124" hits="2"/><line number="125" hits="1"/><line number="126" hits="1"/><line number="127" hits="3"/><line number="130" hits="0"/><line number="134" hits="6"/><line number="138" hits="3"/><line number="139" hits="3"/><line number="143" hits="1"/><line number="144" hits="1"/><line number="148" hits="1"/><line number="149" hits="1"/></lines></class></classes></package><package name="consensus-core/src/epoch_manager" line-rate="0.825" branch-rate="0" complexity="0"><classes><class name="mod" filename="consensus-core/src/epoch_manager/mod.rs" line-rate="0.825" branch-rate="0" complexity="0"><methods/><lines><line number="22" hits="5"/><line number="42" hits="71"/><line number="47" hits="81"/><line number="48" hits="81"/><line number="52" hits="1"/><line number="53" hits="1"/><line number="71" hits="60"/><line number="72" hits="180"/><line number="80" hits="50"/><line number="81" hits="100"/><line number="85" hits="0"/><line number="86" hits="0"/><line number="92" hits="12"/><line number="93" hits="24"/><line number="94" hits="1"/><line number="95" hits="2"/><line number="96" hits="1"/><line number="100" hits="22"/><line number="101" hits="1"/><line number="102" hits="2"/><line number="103" hits="1"/><line number="108" hits="20"/><line number="109" hits="10"/><line number="110" hits="30"/><line number="113" hits="20"/><line number="115" hits="10"/><line number="122" hits="0"/><line number="123" hits="0"/><line number="124" hits="0"/><line number="132" hits="0"/><line number="139" hits="5"/><line number="140" hits="10"/><line number="141" hits="15"/><line number="169" hits="2"/><line number="170" hits="2"/><line number="171" hits="3"/><line number="172" hits="1"/><line number="176" hits="3"/><line number="177" hits="1"/><line number="181" hits="0"/></lines></class></classes></package><package name="consensus-core/src/safety_rules" line-rate="0.762589928057554" branch-rate="0" complexity="0"><classes><class name="recovery" filename="consensus-core/src/safety_rules/recovery.rs" line-rate="0.5384615384615384" branch-rate="0" complexity="0"><methods/><lines><line number="63" hits="3"/><line number="72" hits="9"/><line number="73" hits="1"/><line number="75" hits="2"/><line number="77" hits="1"/><line number="78" hits="0"/><line number="79" hits="0"/><line number="80" hits="0"/><line number="81" hits="0"/><line number="84" hits="1"/><line number="86" hits="0"/><line number="87" hits="1"/><line number="90" hits="1"/><line number="92" hits="2"/><line number="99" hits="1"/><line number="101" hits="2"/><line number="102" hits="0"/><line number="103" hits="0"/><line number="104" hits="0"/><line number="109" hits="1"/><line number="110" hits="0"/><line number="111" hits="0"/><line number="112" hits="0"/><line number="117" hits="1"/><line number="118" hits="0"/><line number="119" hits="0"/><line number="120" hits="0"/><line number="124" hits="1"/><line number="174" hits="3"/><line number="183" hits="6"/><line number="184" hits="9"/><line number="185" hits="3"/><line number="186" hits="6"/><line number="188" hits="2"/><line number="189" hits="0"/><line number="190" hits="0"/><line number="191" hits="0"/><line number="192" hits="0"/><line number="195" hits="2"/></lines></class><class name="state" filename="consensus-core/src/safety_rules/state.rs" line-rate="1" branch-rate="0" complexity="0"><methods/><lines><line number="64" hits="5"/><line number="84" hits="2"/><line number="88" hits="2"/><line number="97" hits="3"/><line number="98" hits="3"/><line number="104" hits="50"/><line number="105" hits="50"/><line number="106" hits="41"/><line number="107" hits="41"/><line number="109" hits="9"/><line number="116" hits="5"/><line number="117" hits="5"/><line number="118" hits="3"/><line number="119" hits="3"/><line number="121" hits="2"/><line number="128" hits="6"/><line number="129" hits="6"/><line number="130" hits="2"/><line number="131" hits="2"/><line number="133" hits="4"/><line number="139" hits="15"/><line number="140" hits="15"/><line number="143" hits="21"/><line number="144" hits="21"/><line number="147" hits="35"/><line number="148" hits="35"/><line number="151" hits="14"/><line number="152" hits="14"/><line number="155" hits="10"/><line number="156" hits="10"/><line number="161" hits="2"/><line number="162" hits="2"/><line number="163" hits="2"/></lines></class><class name="two_chain" filename="consensus-core/src/safety_rules/two_chain.rs" line-rate="0.7761194029850746" branch-rate="0" complexity="0"><methods/><lines><line number="91" hits="93"/><line number="93" hits="93"/><line number="107" hits="6"/><line number="115" hits="39"/><line number="116" hits="117"/><line number="117" hits="0"/><line number="126" hits="30"/><line number="134" hits="120"/><line number="137" hits="90"/><line number="138" hits="0"/><line number="140" hits="30"/><line number="143" hits="30"/><line number="144" hits="30"/><line number="146" hits="0"/><line number="147" hits="0"/><line number="148" hits="0"/><line number="149" hits="0"/><line number="159" hits="9"/><line number="166" hits="36"/><line number="167" hits="2"/><line number="170" hits="18"/><line number="172" hits="17"/><line number="173" hits="7"/><line number="175" hits="4"/><line number="176" hits="2"/><line number="177" hits="2"/><line number="178" hits="2"/><line number="192" hits="30"/><line number="197" hits="90"/><line number="203" hits="90"/><line number="206" hits="90"/><line number="207" hits="0"/><line number="209" hits="30"/><line number="213" hits="180"/><line number="216" hits="9"/><line number="222" hits="27"/><line number="223" hits="45"/><line number="226" hits="44"/><line number="230" hits="132"/><line number="233" hits="132"/><line number="236" hits="44"/><line number="237" hits="0"/><line number="240" hits="44"/><line number="243" hits="0"/><line number="245" hits="0"/><line number="248" hits="0"/><line number="250" hits="0"/><line number="253" hits="49"/><line number="254" hits="49"/><line number="257" hits="23"/><line number="264" hits="69"/><line number="268" hits="45"/><line number="270" hits="12"/><line number="272" hits="11"/><line number="276" hits="40"/><line number="277" hits="40"/><line number="278" hits="6"/><line number="279" hits="3"/><line number="280" hits="3"/><line number="284" hits="69"/><line number="285" hits="32"/><line number="288" hits="37"/><line number="291" hits="6"/><line number="292" hits="18"/><line number="301" hits="0"/><line number="302" hits="0"/><line number="303" hits="0"/></lines></class></classes></package><package name="consensus-core/tests" line-rate="0.6456692913385826" branch-rate="0" complexity="0"><classes><class name="consensus_integration" filename="consensus-core/tests/consensus_integration.rs" line-rate="0.8260869565217391" branch-rate="0" complexity="0"><methods/><lines><line number="37" hits="0"/><line number="38" hits="0"/><line number="43" hits="0"/><line number="44" hits="0"/><line number="47" hits="0"/><line number="48" hits="0"/><line number="51" hits="0"/><line number="52" hits="0"/><line number="63" hits="8"/><line number="65" hits="8"/><line number="66" hits="8"/><line number="67" hits="8"/><line number="68" hits="8"/><line number="69" hits="8"/><line number="71" hits="24"/><line number="74" hits="12"/><line number="75" hits="24"/><line number="76" hits="12"/><line number="77" hits="12"/><line number="78" hits="12"/><line number="79" hits="12"/><line number="83" hits="12"/><line number="86" hits="48"/><line number="94" hits="12"/><line number="95" hits="24"/><line number="96" hits="24"/><line number="100" hits="2"/><line number="101" hits="4"/><line number="102" hits="2"/><line number="103" hits="2"/><line number="104" hits="2"/><line number="105" hits="2"/><line number="109" hits="2"/><line number="112" hits="8"/><line number="120" hits="4"/><line number="121" hits="4"/><line number="122" hits="4"/><line number="125" hits="4"/><line number="126" hits="8"/><line number="129" hits="4"/><line number="130" hits="2"/><line number="131" hits="2"/><line number="132" hits="2"/><line number="133" hits="2"/><line number="135" hits="6"/><line number="137" hits="2"/></lines></class><class name="coverage_comprehensive" filename="consensus-core/tests/coverage_comprehensive.rs" line-rate="0.6785714285714286" branch-rate="0" complexity="0"><methods/><lines><line number="39" hits="6"/><line number="40" hits="24"/><line number="44" hits="4"/><line number="45" hits="28"/><line number="46" hits="12"/><line number="50" hits="5"/><line number="51" hits="35"/><line number="52" hits="15"/><line number="63" hits="2"/><line number="64" hits="6"/><line number="69" hits="3"/><line number="70" hits="3"/><line number="73" hits="0"/><line number="74" hits="0"/><line number="77" hits="1"/><line number="78" hits="1"/><line number="86" hits="3"/><line number="87" hits="9"/><line number="92" hits="2"/><line number="93" hits="2"/><line number="96" hits="0"/><line number="97" hits="0"/><line number="100" hits="0"/><line number="101" hits="0"/><line number="106" hits="0"/><line number="107" hits="0"/><line number="110" hits="1"/><line number="111" hits="1"/><line number="126" hits="1"/><line number="127" hits="2"/><line number="128" hits="0"/><line number="130" hits="3"/><line number="131" hits="3"/><line number="134" hits="1"/><line number="135" hits="1"/><line number="143" hits="0"/><line number="144" hits="0"/><line number="147" hits="0"/><line number="148" hits="0"/><line number="151" hits="1"/><line number="152" hits="1"/><line number="155" hits="0"/><line number="156" hits="0"/><line number="159" hits="2"/><line number="160" hits="2"/><line number="163" hits="1"/><line number="168" hits="2"/><line number="169" hits="4"/><line number="170" hits="1"/><line number="173" hits="3"/><line number="174" hits="1"/><line number="175" hits="2"/><line number="176" hits="1"/><line number="180" hits="0"/><line number="183" hits="0"/><line number="187" hits="0"/></lines></class><class name="dag_integration" filename="consensus-core/tests/dag_integration.rs" line-rate="0" branch-rate="0" complexity="0"><methods/><lines><line number="27" hits="0"/><line number="28" hits="0"/><line number="31" hits="0"/></lines></class><class name="dag_network_pipeline_coverage" filename="consensus-core/tests/dag_network_pipeline_coverage.rs" line-rate="0" branch-rate="0" complexity="0"><methods/><lines><line number="35" hits="0"/><line number="36" hits="0"/><line number="41" hits="0"/><line number="42" hits="0"/><line number="45" hits="0"/><line number="46" hits="0"/><line number="49" hits="0"/><line number="50" hits="0"/><line number="58" hits="0"/><line number="59" hits="0"/><line number="64" hits="0"/><line number="65" hits="0"/><line number="68" hits="0"/><line number="69" hits="0"/><line number="72" hits="0"/><line number="73" hits="0"/></lines></class><class name="safety_comprehensive" filename="consensus-core/tests/safety_comprehensive.rs" line-rate="1" branch-rate="0" complexity="0"><methods/><lines><line number="17" hits="50"/><line number="18" hits="350"/><line number="19" hits="200"/><line number="23" hits="60"/><line number="24" hits="420"/><line number="25" hits="180"/></lines></class></classes></package></packages></coverage>